
+------------------------------------------------+
 LOG REPORT: Mon Jun 10 16:43:04 2024, TICK : 0  
	Board Port      : 0
	Last Update     : 0
	Engine RPM      : 100.000000
	Engine Volt     : 10.000000
	Engine Rotation : 0
	Engine Pin      : 0
	Board Button    : false
	Extern Button   : false



+------------------------------------------------+
 LOG REPORT: Mon Jun 10 16:43:04 2024, TICK : 1  
	Board Port      : 0
	Last Update     : 0
	Engine RPM      : 100.000000
	Engine Volt     : 10.000000
	Engine Rotation : 0
	Engine Pin      : 0
	Board Button    : false
	Extern Button   : false



+------------------------------------------------+
 LOG REPORT: Mon Jun 10 16:43:04 2024, TICK : 2  
	Board Port      : 0
	Last Update     : 0
	Engine RPM      : 100.000000
	Engine Volt     : 10.000000
	Engine Rotation : 0
	Engine Pin      : 0
	Board Button    : false
	Extern Button   : false



+------------------------------------------------+
 LOG REPORT: Mon Jun 10 16:43:05 2024, TICK : 3  
	Board Port      : 0
	Last Update     : 0
	Engine RPM      : 100.000000
	Engine Volt     : 10.000000
	Engine Rotation : 0
	Engine Pin      : 0
	Board Button    : false
	Extern Button   : false



+------------------------------------------------+
 LOG REPORT: Mon Jun 10 16:43:05 2024, TICK : 4  
	Board Port      : 0
	Last Update     : 0
	Engine RPM      : 100.000000
	Engine Volt     : 10.000000
	Engine Rotation : 0
	Engine Pin      : 0
	Board Button    : false
	Extern Button   : false



+------------------------------------------------+
 LOG REPORT: Mon Jun 10 16:43:05 2024, TICK : 5  
	Board Port      : 0
	Last Update     : 0
	Engine RPM      : 100.000000
	Engine Volt     : 10.000000
	Engine Rotation : 0
	Engine Pin      : 0
	Board Button    : false
	Extern Button   : false



+------------------------------------------------+
 LOG REPORT: Mon Jun 10 16:43:05 2024, TICK : 6  
	Board Port      : 0
	Last Update     : 0
	Engine RPM      : 100.000000
	Engine Volt     : 10.000000
	Engine Rotation : 0
	Engine Pin      : 0
	Board Button    : false
	Extern Button   : false



+------------------------------------------------+
 LOG REPORT: Mon Jun 10 16:43:05 2024, TICK : 7  
	Board Port      : 0
	Last Update     : 0
	Engine RPM      : 100.000000
	Engine Volt     : 10.000000
	Engine Rotation : 0
	Engine Pin      : 0
	Board Button    : false
	Extern Button   : false



+------------------------------------------------+
 LOG REPORT: Mon Jun 10 16:43:05 2024, TICK : 8  
	Board Port      : 0
	Last Update     : 0
	Engine RPM      : 100.000000
	Engine Volt     : 10.000000
	Engine Rotation : 0
	Engine Pin      : 0
	Board Button    : false
	Extern Button   : false



+------------------------------------------------+
 LOG REPORT: Mon Jun 10 16:43:06 2024, TICK : 9  
	Board Port      : 0
	Last Update     : 0
	Engine RPM      : 100.000000
	Engine Volt     : 10.000000
	Engine Rotation : 0
	Engine Pin      : 0
	Board Button    : false
	Extern Button   : false



+------------------------------------------------+
 LOG REPORT: Mon Jun 10 16:43:06 2024, TICK : 10  
	Board Port      : 0
	Last Update     : 0
	Engine RPM      : 100.000000
	Engine Volt     : 10.000000
	Engine Rotation : 0
	Engine Pin      : 0
	Board Button    : false
	Extern Button   : false



+------------------------------------------------+
 LOG REPORT: Mon Jun 10 16:43:06 2024, TICK : 11  
	Board Port      : 0
	Last Update     : 0
	Engine RPM      : 100.000000
	Engine Volt     : 10.000000
	Engine Rotation : 0
	Engine Pin      : 0
	Board Button    : false
	Extern Button   : false



+------------------------------------------------+
 LOG REPORT: Mon Jun 10 16:43:06 2024, TICK : 12  
	Board Port      : 0
	Last Update     : 0
	Engine RPM      : 100.000000
	Engine Volt     : 10.000000
	Engine Rotation : 0
	Engine Pin      : 0
	Board Button    : false
	Extern Button   : false



+------------------------------------------------+
 LOG REPORT: Mon Jun 10 16:43:06 2024, TICK : 13  
	Board Port      : 0
	Last Update     : 0
	Engine RPM      : 100.000000
	Engine Volt     : 10.000000
	Engine Rotation : 0
	Engine Pin      : 0
	Board Button    : false
	Extern Button   : false



+------------------------------------------------+
 LOG REPORT: Mon Jun 10 16:43:06 2024, TICK : 14  
	Board Port      : 0
	Last Update     : 0
	Engine RPM      : 100.000000
	Engine Volt     : 10.000000
	Engine Rotation : 0
	Engine Pin      : 0
	Board Button    : false
	Extern Button   : false



+------------------------------------------------+
 LOG REPORT: Mon Jun 10 16:43:07 2024, TICK : 15  
	Board Port      : 0
	Last Update     : 0
	Engine RPM      : 100.000000
	Engine Volt     : 10.000000
	Engine Rotation : 0
	Engine Pin      : 0
	Board Button    : false
	Extern Button   : false



+------------------------------------------------+
 LOG REPORT: Mon Jun 10 16:43:07 2024, TICK : 16  
	Board Port      : 0
	Last Update     : 0
	Engine RPM      : 100.000000
	Engine Volt     : 10.000000
	Engine Rotation : 0
	Engine Pin      : 0
	Board Button    : false
	Extern Button   : false



+------------------------------------------------+
 LOG REPORT: Mon Jun 10 16:43:07 2024, TICK : 17  
	Board Port      : 0
	Last Update     : 0
	Engine RPM      : 100.000000
	Engine Volt     : 10.000000
	Engine Rotation : 0
	Engine Pin      : 0
	Board Button    : false
	Extern Button   : false



+------------------------------------------------+
 LOG REPORT: Mon Jun 10 16:43:07 2024, TICK : 18  
	Board Port      : 0
	Last Update     : 0
	Engine RPM      : 100.000000
	Engine Volt     : 10.000000
	Engine Rotation : 0
	Engine Pin      : 0
	Board Button    : false
	Extern Button   : false



+------------------------------------------------+
 LOG REPORT: Mon Jun 10 16:43:07 2024, TICK : 19  
	Board Port      : 0
	Last Update     : 0
	Engine RPM      : 100.000000
	Engine Volt     : 10.000000
	Engine Rotation : 0
	Engine Pin      : 0
	Board Button    : false
	Extern Button   : false



